<?xml version="1.0" encoding="UTF-8"?>
<!-- Generated by org.testng.reporters.JUnitXMLReporter -->
<testsuite ignored="0" hostname="LAPTOP-EHRHQ1VN" failures="0" tests="3" name="Submit Order Test" time="41.453" errors="0" timestamp="2024-04-22T03:58:08 PST">
  <testcase classname="celebrationAcademy.SubmitOrderTest" name="submitOrder" time="14.244"/>
  <testcase classname="celebrationAcademy.SubmitOrderTest" name="submitOrder" time="14.247"/>
  <testcase classname="celebrationAcademy.SubmitOrderTest" name="OrderHistoryTest" time="0.581"/>
</testsuite> <!-- Submit Order Test -->
