<?xml version="1.0" encoding="UTF-8"?>
<!-- Generated by org.testng.reporters.JUnitXMLReporter -->
<testsuite ignored="0" hostname="LAPTOP-EHRHQ1VN" failures="0" tests="2" name="Error Validations Test" time="32.976" errors="0" timestamp="2024-04-24T12:42:06 PST">
  <testcase classname="celebrationAcademy.ErrorValidationsTest" name="LoginErrorValidation" time="0.5"/>
  <testcase classname="celebrationAcademy.ErrorValidationsTest" name="ProductErrorValidation" time="23.469"/>
</testsuite> <!-- Error Validations Test -->
