<?xml version="1.0" encoding="UTF-8"?>
<!-- Generated by org.testng.reporters.JUnitXMLReporter -->
<testsuite ignored="0" hostname="LAPTOP-EHRHQ1VN" failures="0" tests="3" name="Submit Order Test" time="41.639" errors="0" timestamp="2024-04-24T12:42:14 PST">
  <testcase classname="celebrationAcademy.SubmitOrderTest" name="submitOrder" time="14.519"/>
  <testcase classname="celebrationAcademy.SubmitOrderTest" name="submitOrder" time="14.415"/>
  <testcase classname="celebrationAcademy.SubmitOrderTest" name="OrderHistoryTest" time="0.634"/>
</testsuite> <!-- Submit Order Test -->
