<?xml version="1.0" encoding="UTF-8"?>
<testng-results ignored="0" total="5" passed="5" failed="0" skipped="0">
  <reporter-output>
  </reporter-output>
  <suite started-at="2024-04-24T12:41:32 PST" name="Suite" finished-at="2024-04-24T12:42:14 PST" duration-ms="41639">
    <groups>
      <group name="ErrorHandling">
        <method signature="ErrorValidationsTest.LoginErrorValidation()[pri:0, instance:celebrationAcademy.ErrorValidationsTest@7139992f]" name="LoginErrorValidation" class="celebrationAcademy.ErrorValidationsTest"/>
      </group> <!-- ErrorHandling -->
      <group name="Purchase">
        <method signature="SubmitOrderTest.submitOrder(java.util.HashMap)[pri:0, instance:celebrationAcademy.SubmitOrderTest@302c971f]" name="submitOrder" class="celebrationAcademy.SubmitOrderTest"/>
      </group> <!-- Purchase -->
    </groups>
    <test started-at="2024-04-24T12:41:32 PST" name="Error Validations Test" finished-at="2024-04-24T12:42:05 PST" duration-ms="32976">
      <class name="celebrationAcademy.ErrorValidationsTest">
        <test-method is-config="true" signature="launchApplication()[pri:0, instance:celebrationAcademy.ErrorValidationsTest@7139992f]" started-at="2024-04-24T12:41:32 PST" name="launchApplication" finished-at="2024-04-24T12:41:37 PST" duration-ms="4721" status="PASS">
          <reporter-output>
          </reporter-output>
        </test-method> <!-- launchApplication -->
        <test-method signature="LoginErrorValidation()[pri:0, instance:celebrationAcademy.ErrorValidationsTest@7139992f]" started-at="2024-04-24T12:41:37 PST" name="LoginErrorValidation" finished-at="2024-04-24T12:41:38 PST" duration-ms="500" status="PASS">
          <reporter-output>
          </reporter-output>
        </test-method> <!-- LoginErrorValidation -->
        <test-method is-config="true" signature="tearDown()[pri:0, instance:celebrationAcademy.ErrorValidationsTest@7139992f]" started-at="2024-04-24T12:41:38 PST" name="tearDown" finished-at="2024-04-24T12:41:38 PST" duration-ms="102" status="PASS">
          <reporter-output>
          </reporter-output>
        </test-method> <!-- tearDown -->
        <test-method is-config="true" signature="launchApplication()[pri:0, instance:celebrationAcademy.ErrorValidationsTest@7139992f]" started-at="2024-04-24T12:41:38 PST" name="launchApplication" finished-at="2024-04-24T12:41:42 PST" duration-ms="4052" status="PASS">
          <reporter-output>
          </reporter-output>
        </test-method> <!-- launchApplication -->
        <test-method signature="ProductErrorValidation()[pri:0, instance:celebrationAcademy.ErrorValidationsTest@7139992f]" started-at="2024-04-24T12:41:42 PST" name="ProductErrorValidation" finished-at="2024-04-24T12:42:05 PST" duration-ms="23469" status="PASS">
          <reporter-output>
          </reporter-output>
        </test-method> <!-- ProductErrorValidation -->
        <test-method is-config="true" signature="tearDown()[pri:0, instance:celebrationAcademy.ErrorValidationsTest@7139992f]" started-at="2024-04-24T12:42:05 PST" name="tearDown" finished-at="2024-04-24T12:42:05 PST" duration-ms="74" status="PASS">
          <reporter-output>
          </reporter-output>
        </test-method> <!-- tearDown -->
      </class> <!-- celebrationAcademy.ErrorValidationsTest -->
    </test> <!-- Error Validations Test -->
    <test started-at="2024-04-24T12:41:32 PST" name="Submit Order Test" finished-at="2024-04-24T12:42:14 PST" duration-ms="41639">
      <class name="celebrationAcademy.SubmitOrderTest">
        <test-method is-config="true" signature="launchApplication()[pri:0, instance:celebrationAcademy.SubmitOrderTest@302c971f]" started-at="2024-04-24T12:41:33 PST" name="launchApplication" finished-at="2024-04-24T12:41:37 PST" duration-ms="4320" status="PASS">
          <reporter-output>
          </reporter-output>
        </test-method> <!-- launchApplication -->
        <test-method signature="submitOrder(java.util.HashMap)[pri:0, instance:celebrationAcademy.SubmitOrderTest@302c971f]" started-at="2024-04-24T12:41:37 PST" name="submitOrder" data-provider="getData" finished-at="2024-04-24T12:41:51 PST" duration-ms="14519" status="PASS">
          <params>
            <param index="0">
              <value>
                <![CDATA[{password=123qweASD, product=ZARA COAT 3, email=celebration@gmail.com}]]>
              </value>
            </param>
          </params>
          <reporter-output>
          </reporter-output>
        </test-method> <!-- submitOrder -->
        <test-method is-config="true" signature="tearDown()[pri:0, instance:celebrationAcademy.SubmitOrderTest@302c971f]" started-at="2024-04-24T12:41:51 PST" name="tearDown" finished-at="2024-04-24T12:41:52 PST" duration-ms="80" status="PASS">
          <reporter-output>
          </reporter-output>
        </test-method> <!-- tearDown -->
        <test-method is-config="true" signature="launchApplication()[pri:0, instance:celebrationAcademy.SubmitOrderTest@302c971f]" started-at="2024-04-24T12:41:52 PST" name="launchApplication" finished-at="2024-04-24T12:41:55 PST" duration-ms="3169" status="PASS">
          <reporter-output>
          </reporter-output>
        </test-method> <!-- launchApplication -->
        <test-method signature="submitOrder(java.util.HashMap)[pri:0, instance:celebrationAcademy.SubmitOrderTest@302c971f]" started-at="2024-04-24T12:41:55 PST" name="submitOrder" data-provider="getData" finished-at="2024-04-24T12:42:09 PST" duration-ms="14415" status="PASS">
          <params>
            <param index="0">
              <value>
                <![CDATA[{password=123qweASD, product=ADIDAS ORIGINAL, email=celebration1@gmail.com}]]>
              </value>
            </param>
          </params>
          <reporter-output>
          </reporter-output>
        </test-method> <!-- submitOrder -->
        <test-method is-config="true" signature="tearDown()[pri:0, instance:celebrationAcademy.SubmitOrderTest@302c971f]" started-at="2024-04-24T12:42:09 PST" name="tearDown" finished-at="2024-04-24T12:42:09 PST" duration-ms="92" status="PASS">
          <reporter-output>
          </reporter-output>
        </test-method> <!-- tearDown -->
        <test-method is-config="true" signature="launchApplication()[pri:0, instance:celebrationAcademy.SubmitOrderTest@302c971f]" started-at="2024-04-24T12:42:09 PST" name="launchApplication" finished-at="2024-04-24T12:42:13 PST" duration-ms="4028" status="PASS">
          <reporter-output>
          </reporter-output>
        </test-method> <!-- launchApplication -->
        <test-method signature="OrderHistoryTest()[pri:0, instance:celebrationAcademy.SubmitOrderTest@302c971f]" started-at="2024-04-24T12:42:13 PST" name="OrderHistoryTest" finished-at="2024-04-24T12:42:14 PST" depends-on-methods="celebrationAcademy.SubmitOrderTest.submitOrder" duration-ms="634" status="PASS">
          <reporter-output>
          </reporter-output>
        </test-method> <!-- OrderHistoryTest -->
        <test-method is-config="true" signature="tearDown()[pri:0, instance:celebrationAcademy.SubmitOrderTest@302c971f]" started-at="2024-04-24T12:42:14 PST" name="tearDown" finished-at="2024-04-24T12:42:14 PST" duration-ms="78" status="PASS">
          <reporter-output>
          </reporter-output>
        </test-method> <!-- tearDown -->
      </class> <!-- celebrationAcademy.SubmitOrderTest -->
    </test> <!-- Submit Order Test -->
  </suite> <!-- Suite -->
</testng-results>
